-------------------------------------------------------------------------------
Test set: org.example.Tests
-------------------------------------------------------------------------------
Tests run: 7, Failures: 1, Errors: 0, Skipped: 0, Time elapsed: 77.182 s <<< FAILURE! - in org.example.Tests
end(org.example.Tests)  Time elapsed: 5.55 s  <<< FAILURE!
org.openqa.selenium.NoSuchSessionException: 
invalid session id
Build info: version: '3.14.0', revision: 'aacccce0', time: '2018-08-02T20:19:58.91Z'
System info: host: 'DESKTOP-02TV3LR', ip: '172.27.127.154', os.name: 'Windows 10', os.arch: 'amd64', os.version: '10.0', java.version: '1.8.0_271'
Driver info: org.openqa.selenium.chrome.ChromeDriver
Capabilities {acceptInsecureCerts: false, browserName: chrome, browserVersion: 87.0.4280.141, chrome: {chromedriverVersion: 87.0.4280.88 (89e2380a3e36c..., userDataDir: C:\Users\panas\AppData\Loca...}, goog:chromeOptions: {debuggerAddress: localhost:61791}, javascriptEnabled: true, networkConnectionEnabled: false, pageLoadStrategy: normal, platform: WINDOWS, platformName: WINDOWS, proxy: Proxy(), setWindowRect: true, strictFileInteractability: false, timeouts: {implicit: 0, pageLoad: 300000, script: 30000}, unhandledPromptBehavior: dismiss and notify, webauthn:virtualAuthenticators: true}
Session ID: eeb10e09938284ddc0ec2af104291069
	at org.example.Tests.end(Tests.java:39)

