<?xml version="1.0" encoding="UTF-8"?>
<testng-results skipped="0" failed="0" ignored="0" total="6" passed="6">
  <reporter-output>
  </reporter-output>
  <suite name="Surefire suite" duration-ms="83420" started-at="2021-02-01T12:05:55Z" finished-at="2021-02-01T12:07:18Z">
    <groups>
    </groups>
    <test name="Surefire test" duration-ms="83420" started-at="2021-02-01T12:05:55Z" finished-at="2021-02-01T12:07:18Z">
      <class name="org.example.Tests">
        <test-method status="PASS" signature="setup()[pri:0, instance:org.example.Tests@d8305c2]" name="setup" is-config="true" duration-ms="26375" started-at="2021-02-01T12:05:55Z" finished-at="2021-02-01T12:06:21Z">
          <reporter-output>
          </reporter-output>
        </test-method> <!-- setup -->
        <test-method status="PASS" signature="failLogin()[pri:1, instance:org.example.Tests@d8305c2]" name="failLogin" duration-ms="3476" started-at="2021-02-01T12:06:21Z" finished-at="2021-02-01T12:06:25Z">
          <reporter-output>
          </reporter-output>
        </test-method> <!-- failLogin -->
        <test-method status="PASS" signature="end()[pri:0, instance:org.example.Tests@d8305c2]" name="end" is-config="true" duration-ms="110" started-at="2021-02-01T12:06:25Z" finished-at="2021-02-01T12:06:25Z">
          <reporter-output>
          </reporter-output>
        </test-method> <!-- end -->
        <test-method status="PASS" signature="setup()[pri:0, instance:org.example.Tests@d8305c2]" name="setup" is-config="true" duration-ms="1" started-at="2021-02-01T12:06:25Z" finished-at="2021-02-01T12:06:25Z">
          <reporter-output>
          </reporter-output>
        </test-method> <!-- setup -->
        <test-method status="PASS" signature="failPassword()[pri:1, instance:org.example.Tests@d8305c2]" name="failPassword" duration-ms="15210" started-at="2021-02-01T12:06:25Z" finished-at="2021-02-01T12:06:40Z">
          <reporter-output>
          </reporter-output>
        </test-method> <!-- failPassword -->
        <test-method status="PASS" signature="end()[pri:0, instance:org.example.Tests@d8305c2]" name="end" is-config="true" duration-ms="109" started-at="2021-02-01T12:06:40Z" finished-at="2021-02-01T12:06:40Z">
          <reporter-output>
          </reporter-output>
        </test-method> <!-- end -->
        <test-method status="PASS" signature="setup()[pri:0, instance:org.example.Tests@d8305c2]" name="setup" is-config="true" duration-ms="1" started-at="2021-02-01T12:06:40Z" finished-at="2021-02-01T12:06:40Z">
          <reporter-output>
          </reporter-output>
        </test-method> <!-- setup -->
        <test-method status="PASS" signature="logIn()[pri:1, instance:org.example.Tests@d8305c2]" name="logIn" duration-ms="7552" started-at="2021-02-01T12:06:40Z" finished-at="2021-02-01T12:06:48Z">
          <reporter-output>
          </reporter-output>
        </test-method> <!-- logIn -->
        <test-method status="PASS" signature="end()[pri:0, instance:org.example.Tests@d8305c2]" name="end" is-config="true" duration-ms="153" started-at="2021-02-01T12:06:48Z" finished-at="2021-02-01T12:06:48Z">
          <reporter-output>
          </reporter-output>
        </test-method> <!-- end -->
        <test-method status="PASS" signature="setup()[pri:0, instance:org.example.Tests@d8305c2]" name="setup" is-config="true" duration-ms="2" started-at="2021-02-01T12:06:48Z" finished-at="2021-02-01T12:06:48Z">
          <reporter-output>
          </reporter-output>
        </test-method> <!-- setup -->
        <test-method status="PASS" signature="logOut()[pri:1, instance:org.example.Tests@d8305c2]" name="logOut" duration-ms="7376" started-at="2021-02-01T12:06:48Z" finished-at="2021-02-01T12:06:55Z">
          <reporter-output>
          </reporter-output>
        </test-method> <!-- logOut -->
        <test-method status="PASS" signature="end()[pri:0, instance:org.example.Tests@d8305c2]" name="end" is-config="true" duration-ms="133" started-at="2021-02-01T12:06:55Z" finished-at="2021-02-01T12:06:55Z">
          <reporter-output>
          </reporter-output>
        </test-method> <!-- end -->
        <test-method status="PASS" signature="setup()[pri:0, instance:org.example.Tests@d8305c2]" name="setup" is-config="true" duration-ms="16" started-at="2021-02-01T12:06:55Z" finished-at="2021-02-01T12:06:56Z">
          <reporter-output>
          </reporter-output>
        </test-method> <!-- setup -->
        <test-method status="PASS" signature="navigate()[pri:1, instance:org.example.Tests@d8305c2]" name="navigate" duration-ms="18250" started-at="2021-02-01T12:06:56Z" finished-at="2021-02-01T12:07:14Z">
          <reporter-output>
          </reporter-output>
        </test-method> <!-- navigate -->
        <test-method status="PASS" signature="end()[pri:0, instance:org.example.Tests@d8305c2]" name="end" is-config="true" duration-ms="82" started-at="2021-02-01T12:07:14Z" finished-at="2021-02-01T12:07:14Z">
          <reporter-output>
          </reporter-output>
        </test-method> <!-- end -->
        <test-method status="PASS" signature="setup()[pri:0, instance:org.example.Tests@d8305c2]" name="setup" is-config="true" duration-ms="2" started-at="2021-02-01T12:07:14Z" finished-at="2021-02-01T12:07:14Z">
          <reporter-output>
          </reporter-output>
        </test-method> <!-- setup -->
        <test-method status="PASS" signature="changeLanguage()[pri:2, instance:org.example.Tests@d8305c2]" name="changeLanguage" duration-ms="3629" started-at="2021-02-01T12:07:14Z" finished-at="2021-02-01T12:07:17Z">
          <reporter-output>
          </reporter-output>
        </test-method> <!-- changeLanguage -->
        <test-method status="FAIL" signature="end()[pri:0, instance:org.example.Tests@d8305c2]" name="end" is-config="true" duration-ms="474" started-at="2021-02-01T12:07:18Z" finished-at="2021-02-01T12:07:18Z">
          <exception class="org.openqa.selenium.NoSuchSessionException">
            <message>
              <![CDATA[invalid session id
Build info: version: '3.14.0', revision: 'aacccce0', time: '2018-08-02T20:19:58.91Z'
System info: host: 'DESKTOP-02TV3LR', ip: '172.27.127.120', os.name: 'Windows 10', os.arch: 'amd64', os.version: '10.0', java.version: '1.8.0_271'
Driver info: org.openqa.selenium.chrome.ChromeDriver
Capabilities {acceptInsecureCerts: false, browserName: chrome, browserVersion: 87.0.4280.141, chrome: {chromedriverVersion: 87.0.4280.88 (89e2380a3e36c..., userDataDir: C:\Users\panas\AppData\Loca...}, goog:chromeOptions: {debuggerAddress: localhost:64941}, javascriptEnabled: true, networkConnectionEnabled: false, pageLoadStrategy: normal, platform: WINDOWS, platformName: WINDOWS, proxy: Proxy(), setWindowRect: true, strictFileInteractability: false, timeouts: {implicit: 0, pageLoad: 300000, script: 30000}, unhandledPromptBehavior: dismiss and notify, webauthn:virtualAuthenticators: true}
Session ID: 765fb74d5ea7ae53f99f1cdb7efd8d05]]>
            </message>
            <full-stacktrace>
              <![CDATA[org.openqa.selenium.NoSuchSessionException: invalid session id
Build info: version: '3.14.0', revision: 'aacccce0', time: '2018-08-02T20:19:58.91Z'
System info: host: 'DESKTOP-02TV3LR', ip: '172.27.127.120', os.name: 'Windows 10', os.arch: 'amd64', os.version: '10.0', java.version: '1.8.0_271'
Driver info: org.openqa.selenium.chrome.ChromeDriver
Capabilities {acceptInsecureCerts: false, browserName: chrome, browserVersion: 87.0.4280.141, chrome: {chromedriverVersion: 87.0.4280.88 (89e2380a3e36c..., userDataDir: C:\Users\panas\AppData\Loca...}, goog:chromeOptions: {debuggerAddress: localhost:64941}, javascriptEnabled: true, networkConnectionEnabled: false, pageLoadStrategy: normal, platform: WINDOWS, platformName: WINDOWS, proxy: Proxy(), setWindowRect: true, strictFileInteractability: false, timeouts: {implicit: 0, pageLoad: 300000, script: 30000}, unhandledPromptBehavior: dismiss and notify, webauthn:virtualAuthenticators: true}
Session ID: 765fb74d5ea7ae53f99f1cdb7efd8d05
at sun.reflect.NativeConstructorAccessorImpl.newInstance0(Native Method)
at sun.reflect.NativeConstructorAccessorImpl.newInstance(NativeConstructorAccessorImpl.java:62)
at sun.reflect.DelegatingConstructorAccessorImpl.newInstance(DelegatingConstructorAccessorImpl.java:45)
at java.lang.reflect.Constructor.newInstance(Constructor.java:423)
at org.openqa.selenium.remote.http.W3CHttpResponseCodec.createException(W3CHttpResponseCodec.java:187)
at org.openqa.selenium.remote.http.W3CHttpResponseCodec.decode(W3CHttpResponseCodec.java:122)
at org.openqa.selenium.remote.http.W3CHttpResponseCodec.decode(W3CHttpResponseCodec.java:49)
at org.openqa.selenium.remote.HttpCommandExecutor.execute(HttpCommandExecutor.java:158)
at org.openqa.selenium.remote.service.DriverCommandExecutor.execute(DriverCommandExecutor.java:83)
at org.openqa.selenium.remote.RemoteWebDriver.execute(RemoteWebDriver.java:548)
at org.openqa.selenium.remote.RemoteWebDriver$RemoteTargetLocator.window(RemoteWebDriver.java:899)
at org.example.Tests.end(Tests.java:40)
at sun.reflect.NativeMethodAccessorImpl.invoke0(Native Method)
at sun.reflect.NativeMethodAccessorImpl.invoke(NativeMethodAccessorImpl.java:62)
at sun.reflect.DelegatingMethodAccessorImpl.invoke(DelegatingMethodAccessorImpl.java:43)
at java.lang.reflect.Method.invoke(Method.java:498)
at org.testng.internal.MethodInvocationHelper.invokeMethod(MethodInvocationHelper.java:124)
at org.testng.internal.MethodInvocationHelper.invokeMethodConsideringTimeout(MethodInvocationHelper.java:59)
at org.testng.internal.Invoker.invokeConfigurationMethod(Invoker.java:458)
at org.testng.internal.Invoker.invokeConfigurations(Invoker.java:222)
at org.testng.internal.Invoker.invokeMethod(Invoker.java:646)
at org.testng.internal.Invoker.invokeTestMethod(Invoker.java:719)
at org.testng.internal.Invoker.invokeTestMethods(Invoker.java:989)
at org.testng.internal.TestMethodWorker.invokeTestMethods(TestMethodWorker.java:125)
at org.testng.internal.TestMethodWorker.run(TestMethodWorker.java:109)
at org.testng.TestRunner.privateRun(TestRunner.java:648)
at org.testng.TestRunner.run(TestRunner.java:505)
at org.testng.SuiteRunner.runTest(SuiteRunner.java:455)
at org.testng.SuiteRunner.runSequentially(SuiteRunner.java:450)
at org.testng.SuiteRunner.privateRun(SuiteRunner.java:415)
at org.testng.SuiteRunner.run(SuiteRunner.java:364)
at org.testng.SuiteRunnerWorker.runSuite(SuiteRunnerWorker.java:52)
at org.testng.SuiteRunnerWorker.run(SuiteRunnerWorker.java:84)
at org.testng.TestNG.runSuitesSequentially(TestNG.java:1208)
at org.testng.TestNG.runSuitesLocally(TestNG.java:1137)
at org.testng.TestNG.runSuites(TestNG.java:1049)
at org.testng.TestNG.run(TestNG.java:1017)
at org.apache.maven.surefire.testng.TestNGExecutor.run(TestNGExecutor.java:135)
at org.apache.maven.surefire.testng.TestNGDirectoryTestSuite.executeSingleClass(TestNGDirectoryTestSuite.java:112)
at org.apache.maven.surefire.testng.TestNGDirectoryTestSuite.execute(TestNGDirectoryTestSuite.java:99)
at org.apache.maven.surefire.testng.TestNGProvider.invoke(TestNGProvider.java:146)
at org.apache.maven.surefire.booter.ForkedBooter.invokeProviderInSameClassLoader(ForkedBooter.java:386)
at org.apache.maven.surefire.booter.ForkedBooter.runSuitesInProcess(ForkedBooter.java:323)
at org.apache.maven.surefire.booter.ForkedBooter.main(ForkedBooter.java:143)
]]>
            </full-stacktrace>
          </exception> <!-- org.openqa.selenium.NoSuchSessionException -->
          <reporter-output>
          </reporter-output>
        </test-method> <!-- end -->
      </class> <!-- org.example.Tests -->
    </test> <!-- Surefire test -->
  </suite> <!-- Surefire suite -->
</testng-results>
